<?xml version="1.0" encoding="UTF-8"?>
<testng-results ignored="0" total="2" passed="2" failed="0" skipped="0">
  <reporter-output>
  </reporter-output>
  <suite started-at="2024-03-03T21:35:18 IST" name="Default suite" finished-at="2024-03-03T21:35:28 IST" duration-ms="9073">
    <groups>
    </groups>
    <test started-at="2024-03-03T21:35:18 IST" name="Default test" finished-at="2024-03-03T21:35:28 IST" duration-ms="9073">
      <class name="api.test.ContactBookAPITests">
        <test-method is-config="true" signature="login()[pri:0, instance:api.test.ContactBookAPITests@3541cb24]" started-at="2024-03-03T21:35:18 IST" name="login" finished-at="2024-03-03T21:35:24 IST" duration-ms="5492" status="PASS">
          <reporter-output>
          </reporter-output>
        </test-method> <!-- login -->
        <test-method signature="createUser()[pri:0, instance:api.test.ContactBookAPITests@3541cb24]" started-at="2024-03-03T21:35:24 IST" name="createUser" finished-at="2024-03-03T21:35:26 IST" duration-ms="1731" status="PASS">
          <reporter-output>
          </reporter-output>
        </test-method> <!-- createUser -->
        <test-method signature="getUserDetails()[pri:0, instance:api.test.ContactBookAPITests@3541cb24]" started-at="2024-03-03T21:35:26 IST" name="getUserDetails" finished-at="2024-03-03T21:35:28 IST" duration-ms="1816" status="PASS">
          <reporter-output>
          </reporter-output>
        </test-method> <!-- getUserDetails -->
      </class> <!-- api.test.ContactBookAPITests -->
    </test> <!-- Default test -->
  </suite> <!-- Default suite -->
</testng-results>
